SF:C:\Users\ctsdotnetfsd04\source\repos\KrishnaIMS\IMS\Program.cs
FN:9,System.Void IMS.Program::Main(System.String[])
FNDA:0,System.Void IMS.Program::Main(System.String[])
DA:10,0
DA:13,0
DA:15,0
FN:17,Microsoft.Extensions.Hosting.IHostBuilder IMS.Program::CreateHostBuilder(System.String[])
FNDA:0,Microsoft.Extensions.Hosting.IHostBuilder IMS.Program::CreateHostBuilder(System.String[])
DA:18,0
DA:19,0
DA:20,0
DA:21,0
DA:22,0
DA:23,0
DA:24,0
DA:25,0
DA:26,0
DA:27,0
DA:28,0
LF:14
LH:0
BRF:0
BRH:0
FNF:2
FNH:0
end_of_record
SF:C:\Users\ctsdotnetfsd04\source\repos\KrishnaIMS\IMS\Startup.cs
FN:33,Microsoft.Extensions.Configuration.IConfiguration IMS.Startup::get_Configuration()
FNDA:0,Microsoft.Extensions.Configuration.IConfiguration IMS.Startup::get_Configuration()
DA:34,0
FN:37,System.Void IMS.Startup::ConfigureServices(Microsoft.Extensions.DependencyInjection.IServiceCollection)
FNDA:0,System.Void IMS.Startup::ConfigureServices(Microsoft.Extensions.DependencyInjection.IServiceCollection)
DA:38,0
DA:40,0
DA:41,0
DA:42,0
DA:43,0
DA:44,0
DA:45,0
DA:46,0
DA:47,0
DA:48,0
DA:49,0
DA:50,0
DA:51,0
DA:53,0
DA:54,0
DA:55,0
DA:56,0
DA:57,0
DA:58,0
DA:59,0
DA:60,0
DA:61,0
DA:62,0
DA:63,0
DA:64,0
DA:65,0
DA:66,0
DA:67,0
DA:68,0
DA:69,0
DA:70,0
DA:71,0
DA:72,0
DA:73,0
DA:74,0
DA:75,0
DA:76,0
DA:77,0
DA:79,0
DA:80,0
FN:83,System.Void IMS.Startup::Configure(Microsoft.AspNetCore.Builder.IApplicationBuilder,Microsoft.AspNetCore.Hosting.IWebHostEnvironment)
FNDA:0,System.Void IMS.Startup::Configure(Microsoft.AspNetCore.Builder.IApplicationBuilder,Microsoft.AspNetCore.Hosting.IWebHostEnvironment)
DA:84,0
DA:87,0
DA:88,0
DA:89,0
DA:90,0
DA:92,0
DA:94,0
DA:95,0
DA:96,0
DA:97,0
DA:98,0
DA:99,0
DA:100,0
DA:102,0
DA:103,0
DA:104,0
DA:105,0
DA:107,0
DA:109,0
DA:110,0
DA:112,0
DA:113,0
DA:114,0
DA:115,0
DA:117,0
BRDA:87,9,0,0
BRDA:87,9,1,0
FN:27,System.Void IMS.Startup::.ctor(Microsoft.Extensions.Configuration.IConfiguration)
FNDA:0,System.Void IMS.Startup::.ctor(Microsoft.Extensions.Configuration.IConfiguration)
DA:28,0
DA:29,0
DA:30,0
DA:32,0
LF:70
LH:0
BRF:2
BRH:0
FNF:4
FNH:0
end_of_record
SF:C:\Users\ctsdotnetfsd04\source\repos\KrishnaIMS\IMS\Migrations\20200611130832_CreateDB.cs
FN:8,System.Void IMS.Migrations.CreateDB::Up(Microsoft.EntityFrameworkCore.Migrations.MigrationBuilder)
FNDA:0,System.Void IMS.Migrations.CreateDB::Up(Microsoft.EntityFrameworkCore.Migrations.MigrationBuilder)
DA:9,0
DA:10,0
DA:11,0
DA:12,0
DA:13,0
DA:14,0
DA:15,0
DA:16,0
DA:17,0
DA:18,0
DA:19,0
DA:20,0
DA:21,0
DA:22,0
DA:23,0
DA:24,0
DA:25,0
DA:26,0
DA:27,0
DA:29,0
DA:30,0
DA:31,0
DA:32,0
DA:33,0
DA:34,0
DA:35,0
DA:36,0
DA:37,0
DA:38,0
DA:39,0
DA:40,0
DA:41,0
DA:42,0
DA:43,0
DA:44,0
DA:45,0
DA:46,0
DA:47,0
DA:48,0
DA:49,0
DA:50,0
DA:51,0
DA:52,0
DA:53,0
DA:54,0
DA:55,0
DA:57,0
DA:58,0
DA:59,0
DA:60,0
DA:61,0
DA:62,0
DA:63,0
DA:64,0
DA:65,0
DA:66,0
DA:67,0
DA:68,0
DA:69,0
DA:70,0
DA:71,0
DA:72,0
DA:73,0
DA:74,0
DA:75,0
DA:76,0
DA:77,0
DA:78,0
DA:80,0
DA:81,0
DA:82,0
DA:83,0
DA:85,0
DA:86,0
DA:87,0
DA:88,0
DA:89,0
FN:91,System.Void IMS.Migrations.CreateDB::Down(Microsoft.EntityFrameworkCore.Migrations.MigrationBuilder)
FNDA:0,System.Void IMS.Migrations.CreateDB::Down(Microsoft.EntityFrameworkCore.Migrations.MigrationBuilder)
DA:92,0
DA:93,0
DA:94,0
DA:96,0
DA:97,0
DA:99,0
DA:100,0
DA:102,0
LF:85
LH:0
BRF:0
BRH:0
FNF:2
FNH:0
end_of_record
SF:C:\Users\ctsdotnetfsd04\source\repos\KrishnaIMS\IMS\Migrations\20200611130832_CreateDB.Designer.cs
FN:16,System.Void IMS.Migrations.CreateDB::BuildTargetModel(Microsoft.EntityFrameworkCore.ModelBuilder)
FNDA:0,System.Void IMS.Migrations.CreateDB::BuildTargetModel(Microsoft.EntityFrameworkCore.ModelBuilder)
DA:17,0
DA:19,0
DA:20,0
DA:21,0
DA:22,0
DA:24,0
DA:25,0
DA:26,0
DA:27,0
DA:28,0
DA:29,0
DA:30,0
DA:31,0
DA:32,0
DA:33,0
DA:34,0
DA:35,0
DA:36,0
DA:37,0
DA:38,0
DA:39,0
DA:40,0
DA:41,0
DA:42,0
DA:43,0
DA:44,0
DA:45,0
DA:46,0
DA:47,0
DA:48,0
DA:49,0
DA:50,0
DA:51,0
DA:52,0
DA:53,0
DA:54,0
DA:56,0
DA:57,0
DA:58,0
DA:59,0
DA:60,0
DA:61,0
DA:62,0
DA:63,0
DA:64,0
DA:65,0
DA:66,0
DA:67,0
DA:68,0
DA:69,0
DA:70,0
DA:71,0
DA:72,0
DA:73,0
DA:74,0
DA:75,0
DA:76,0
DA:77,0
DA:78,0
DA:79,0
DA:80,0
DA:81,0
DA:82,0
DA:83,0
DA:84,0
DA:85,0
DA:86,0
DA:87,0
DA:88,0
DA:89,0
DA:90,0
DA:91,0
DA:92,0
DA:93,0
DA:94,0
DA:95,0
DA:96,0
DA:97,0
DA:98,0
DA:99,0
DA:100,0
DA:101,0
DA:102,0
DA:103,0
DA:104,0
DA:105,0
DA:106,0
DA:108,0
DA:109,0
DA:110,0
DA:111,0
DA:112,0
DA:113,0
DA:114,0
DA:115,0
DA:116,0
DA:117,0
DA:118,0
DA:119,0
DA:120,0
DA:121,0
DA:122,0
DA:123,0
DA:124,0
DA:125,0
DA:126,0
DA:127,0
DA:128,0
DA:129,0
DA:130,0
DA:131,0
DA:132,0
DA:133,0
DA:134,0
DA:135,0
DA:136,0
DA:137,0
DA:138,0
DA:139,0
DA:140,0
DA:141,0
DA:142,0
DA:143,0
DA:144,0
DA:145,0
DA:146,0
DA:148,0
DA:149,0
DA:150,0
DA:151,0
DA:152,0
DA:153,0
DA:155,0
DA:156,0
DA:157,0
DA:158,0
DA:159,0
DA:160,0
DA:161,0
DA:162,0
DA:164,0
LF:141
LH:0
BRF:0
BRH:0
FNF:1
FNH:0
end_of_record
SF:C:\Users\ctsdotnetfsd04\source\repos\KrishnaIMS\IMS\Migrations\20200613042657_second.cs
FN:7,System.Void IMS.Migrations.second::Up(Microsoft.EntityFrameworkCore.Migrations.MigrationBuilder)
FNDA:0,System.Void IMS.Migrations.second::Up(Microsoft.EntityFrameworkCore.Migrations.MigrationBuilder)
DA:8,0
DA:9,0
DA:10,0
DA:11,0
DA:13,0
DA:14,0
DA:15,0
DA:16,0
DA:17,0
DA:18,0
DA:19,0
DA:21,0
DA:22,0
DA:23,0
DA:24,0
DA:25,0
DA:26,0
DA:27,0
DA:28,0
FN:30,System.Void IMS.Migrations.second::Down(Microsoft.EntityFrameworkCore.Migrations.MigrationBuilder)
FNDA:0,System.Void IMS.Migrations.second::Down(Microsoft.EntityFrameworkCore.Migrations.MigrationBuilder)
DA:31,0
DA:32,0
DA:33,0
DA:34,0
DA:36,0
DA:37,0
DA:38,0
DA:39,0
DA:40,0
DA:41,0
DA:43,0
DA:44,0
DA:45,0
DA:46,0
DA:47,0
DA:48,0
DA:49,0
DA:50,0
LF:37
LH:0
BRF:0
BRH:0
FNF:2
FNH:0
end_of_record
SF:C:\Users\ctsdotnetfsd04\source\repos\KrishnaIMS\IMS\Migrations\20200613042657_second.Designer.cs
FN:16,System.Void IMS.Migrations.second::BuildTargetModel(Microsoft.EntityFrameworkCore.ModelBuilder)
FNDA:0,System.Void IMS.Migrations.second::BuildTargetModel(Microsoft.EntityFrameworkCore.ModelBuilder)
DA:17,0
DA:19,0
DA:20,0
DA:21,0
DA:22,0
DA:24,0
DA:25,0
DA:26,0
DA:27,0
DA:28,0
DA:29,0
DA:30,0
DA:31,0
DA:32,0
DA:33,0
DA:34,0
DA:35,0
DA:36,0
DA:37,0
DA:38,0
DA:39,0
DA:40,0
DA:41,0
DA:42,0
DA:43,0
DA:44,0
DA:45,0
DA:46,0
DA:47,0
DA:48,0
DA:49,0
DA:50,0
DA:51,0
DA:52,0
DA:53,0
DA:54,0
DA:56,0
DA:57,0
DA:58,0
DA:59,0
DA:60,0
DA:61,0
DA:62,0
DA:63,0
DA:64,0
DA:65,0
DA:66,0
DA:67,0
DA:68,0
DA:69,0
DA:70,0
DA:71,0
DA:72,0
DA:73,0
DA:74,0
DA:75,0
DA:76,0
DA:77,0
DA:78,0
DA:79,0
DA:80,0
DA:81,0
DA:82,0
DA:83,0
DA:84,0
DA:85,0
DA:86,0
DA:87,0
DA:88,0
DA:89,0
DA:90,0
DA:91,0
DA:92,0
DA:93,0
DA:94,0
DA:95,0
DA:96,0
DA:97,0
DA:98,0
DA:99,0
DA:100,0
DA:101,0
DA:102,0
DA:103,0
DA:104,0
DA:105,0
DA:106,0
DA:108,0
DA:109,0
DA:110,0
DA:111,0
DA:112,0
DA:113,0
DA:114,0
DA:115,0
DA:116,0
DA:117,0
DA:118,0
DA:119,0
DA:120,0
DA:121,0
DA:122,0
DA:123,0
DA:124,0
DA:125,0
DA:126,0
DA:127,0
DA:128,0
DA:129,0
DA:130,0
DA:131,0
DA:132,0
DA:133,0
DA:134,0
DA:135,0
DA:136,0
DA:137,0
DA:138,0
DA:139,0
DA:140,0
DA:141,0
DA:142,0
DA:143,0
DA:144,0
DA:145,0
DA:146,0
DA:148,0
DA:149,0
DA:150,0
DA:151,0
DA:152,0
DA:153,0
DA:154,0
DA:155,0
DA:157,0
DA:158,0
DA:159,0
DA:160,0
DA:161,0
DA:162,0
DA:163,0
DA:164,0
DA:166,0
LF:143
LH:0
BRF:0
BRH:0
FNF:1
FNH:0
end_of_record
SF:C:\Users\ctsdotnetfsd04\source\repos\KrishnaIMS\IMS\Migrations\20200613050502_third.cs
FN:7,System.Void IMS.Migrations.third::Up(Microsoft.EntityFrameworkCore.Migrations.MigrationBuilder)
FNDA:0,System.Void IMS.Migrations.third::Up(Microsoft.EntityFrameworkCore.Migrations.MigrationBuilder)
DA:8,0
DA:9,0
DA:10,0
DA:11,0
DA:13,0
DA:14,0
DA:15,0
DA:17,0
DA:18,0
DA:19,0
DA:21,0
DA:22,0
DA:23,0
DA:24,0
DA:26,0
DA:27,0
DA:28,0
DA:29,0
DA:30,0
DA:31,0
DA:33,0
DA:34,0
DA:35,0
DA:36,0
DA:38,0
DA:39,0
DA:40,0
DA:41,0
DA:42,0
DA:43,0
DA:44,0
DA:45,0
FN:47,System.Void IMS.Migrations.third::Down(Microsoft.EntityFrameworkCore.Migrations.MigrationBuilder)
FNDA:0,System.Void IMS.Migrations.third::Down(Microsoft.EntityFrameworkCore.Migrations.MigrationBuilder)
DA:48,0
DA:49,0
DA:50,0
DA:51,0
DA:53,0
DA:54,0
DA:55,0
DA:57,0
DA:58,0
DA:59,0
DA:61,0
DA:62,0
DA:63,0
DA:64,0
DA:66,0
DA:67,0
DA:68,0
DA:69,0
DA:70,0
DA:71,0
DA:72,0
DA:74,0
DA:75,0
DA:76,0
DA:77,0
DA:79,0
DA:80,0
DA:81,0
DA:82,0
DA:83,0
DA:84,0
DA:85,0
DA:86,0
LF:65
LH:0
BRF:0
BRH:0
FNF:2
FNH:0
end_of_record
SF:C:\Users\ctsdotnetfsd04\source\repos\KrishnaIMS\IMS\Migrations\20200613050502_third.Designer.cs
FN:16,System.Void IMS.Migrations.third::BuildTargetModel(Microsoft.EntityFrameworkCore.ModelBuilder)
FNDA:0,System.Void IMS.Migrations.third::BuildTargetModel(Microsoft.EntityFrameworkCore.ModelBuilder)
DA:17,0
DA:19,0
DA:20,0
DA:21,0
DA:22,0
DA:24,0
DA:25,0
DA:26,0
DA:27,0
DA:28,0
DA:29,0
DA:30,0
DA:31,0
DA:32,0
DA:33,0
DA:34,0
DA:35,0
DA:36,0
DA:37,0
DA:38,0
DA:39,0
DA:40,0
DA:41,0
DA:42,0
DA:43,0
DA:44,0
DA:45,0
DA:46,0
DA:47,0
DA:48,0
DA:49,0
DA:50,0
DA:51,0
DA:52,0
DA:53,0
DA:54,0
DA:56,0
DA:57,0
DA:58,0
DA:59,0
DA:60,0
DA:61,0
DA:62,0
DA:63,0
DA:64,0
DA:65,0
DA:66,0
DA:67,0
DA:68,0
DA:69,0
DA:70,0
DA:71,0
DA:72,0
DA:73,0
DA:74,0
DA:75,0
DA:76,0
DA:77,0
DA:78,0
DA:79,0
DA:80,0
DA:81,0
DA:82,0
DA:83,0
DA:84,0
DA:85,0
DA:86,0
DA:87,0
DA:88,0
DA:89,0
DA:90,0
DA:91,0
DA:92,0
DA:93,0
DA:94,0
DA:95,0
DA:96,0
DA:97,0
DA:98,0
DA:99,0
DA:100,0
DA:101,0
DA:102,0
DA:103,0
DA:104,0
DA:105,0
DA:106,0
DA:108,0
DA:109,0
DA:110,0
DA:111,0
DA:112,0
DA:113,0
DA:114,0
DA:115,0
DA:116,0
DA:117,0
DA:118,0
DA:119,0
DA:120,0
DA:121,0
DA:122,0
DA:123,0
DA:124,0
DA:125,0
DA:126,0
DA:127,0
DA:128,0
DA:129,0
DA:130,0
DA:131,0
DA:132,0
DA:133,0
DA:134,0
DA:135,0
DA:136,0
DA:137,0
DA:138,0
DA:139,0
DA:140,0
DA:141,0
DA:142,0
DA:143,0
DA:144,0
DA:145,0
DA:146,0
DA:148,0
DA:149,0
DA:150,0
DA:151,0
DA:152,0
DA:153,0
DA:155,0
DA:156,0
DA:157,0
DA:158,0
DA:159,0
DA:160,0
DA:161,0
DA:162,0
DA:164,0
LF:141
LH:0
BRF:0
BRH:0
FNF:1
FNH:0
end_of_record
SF:C:\Users\ctsdotnetfsd04\source\repos\KrishnaIMS\IMS\Migrations\20200616065432_Fourth_Users.cs
FN:7,System.Void IMS.Migrations.Fourth_Users::Up(Microsoft.EntityFrameworkCore.Migrations.MigrationBuilder)
FNDA:0,System.Void IMS.Migrations.Fourth_Users::Up(Microsoft.EntityFrameworkCore.Migrations.MigrationBuilder)
DA:8,0
DA:10,0
FN:12,System.Void IMS.Migrations.Fourth_Users::Down(Microsoft.EntityFrameworkCore.Migrations.MigrationBuilder)
FNDA:0,System.Void IMS.Migrations.Fourth_Users::Down(Microsoft.EntityFrameworkCore.Migrations.MigrationBuilder)
DA:13,0
DA:15,0
LF:4
LH:0
BRF:0
BRH:0
FNF:2
FNH:0
end_of_record
SF:C:\Users\ctsdotnetfsd04\source\repos\KrishnaIMS\IMS\Migrations\20200616065432_Fourth_Users.Designer.cs
FN:16,System.Void IMS.Migrations.Fourth_Users::BuildTargetModel(Microsoft.EntityFrameworkCore.ModelBuilder)
FNDA:0,System.Void IMS.Migrations.Fourth_Users::BuildTargetModel(Microsoft.EntityFrameworkCore.ModelBuilder)
DA:17,0
DA:19,0
DA:20,0
DA:21,0
DA:22,0
DA:24,0
DA:25,0
DA:26,0
DA:27,0
DA:28,0
DA:29,0
DA:30,0
DA:31,0
DA:32,0
DA:33,0
DA:34,0
DA:35,0
DA:36,0
DA:37,0
DA:38,0
DA:39,0
DA:40,0
DA:41,0
DA:42,0
DA:43,0
DA:44,0
DA:45,0
DA:46,0
DA:47,0
DA:48,0
DA:49,0
DA:50,0
DA:51,0
DA:52,0
DA:53,0
DA:54,0
DA:56,0
DA:57,0
DA:58,0
DA:59,0
DA:60,0
DA:61,0
DA:62,0
DA:63,0
DA:64,0
DA:65,0
DA:66,0
DA:67,0
DA:68,0
DA:69,0
DA:70,0
DA:71,0
DA:72,0
DA:73,0
DA:74,0
DA:75,0
DA:76,0
DA:77,0
DA:78,0
DA:79,0
DA:80,0
DA:81,0
DA:82,0
DA:83,0
DA:84,0
DA:85,0
DA:86,0
DA:87,0
DA:88,0
DA:89,0
DA:90,0
DA:91,0
DA:92,0
DA:93,0
DA:94,0
DA:95,0
DA:96,0
DA:97,0
DA:98,0
DA:99,0
DA:100,0
DA:101,0
DA:102,0
DA:103,0
DA:104,0
DA:105,0
DA:106,0
DA:108,0
DA:109,0
DA:110,0
DA:111,0
DA:112,0
DA:113,0
DA:114,0
DA:115,0
DA:116,0
DA:117,0
DA:118,0
DA:119,0
DA:120,0
DA:121,0
DA:122,0
DA:123,0
DA:124,0
DA:125,0
DA:126,0
DA:127,0
DA:128,0
DA:129,0
DA:130,0
DA:131,0
DA:132,0
DA:133,0
DA:134,0
DA:135,0
DA:136,0
DA:137,0
DA:138,0
DA:139,0
DA:140,0
DA:141,0
DA:142,0
DA:143,0
DA:144,0
DA:145,0
DA:146,0
DA:148,0
DA:149,0
DA:150,0
DA:151,0
DA:152,0
DA:153,0
DA:155,0
DA:156,0
DA:157,0
DA:158,0
DA:159,0
DA:160,0
DA:161,0
DA:162,0
DA:164,0
LF:141
LH:0
BRF:0
BRH:0
FNF:1
FNH:0
end_of_record
SF:C:\Users\ctsdotnetfsd04\source\repos\KrishnaIMS\IMS\Migrations\20200616070634_User_1.cs
FN:7,System.Void IMS.Migrations.User_1::Up(Microsoft.EntityFrameworkCore.Migrations.MigrationBuilder)
FNDA:0,System.Void IMS.Migrations.User_1::Up(Microsoft.EntityFrameworkCore.Migrations.MigrationBuilder)
DA:8,0
DA:10,0
FN:12,System.Void IMS.Migrations.User_1::Down(Microsoft.EntityFrameworkCore.Migrations.MigrationBuilder)
FNDA:0,System.Void IMS.Migrations.User_1::Down(Microsoft.EntityFrameworkCore.Migrations.MigrationBuilder)
DA:13,0
DA:15,0
LF:4
LH:0
BRF:0
BRH:0
FNF:2
FNH:0
end_of_record
SF:C:\Users\ctsdotnetfsd04\source\repos\KrishnaIMS\IMS\Migrations\20200616070634_User_1.Designer.cs
FN:16,System.Void IMS.Migrations.User_1::BuildTargetModel(Microsoft.EntityFrameworkCore.ModelBuilder)
FNDA:0,System.Void IMS.Migrations.User_1::BuildTargetModel(Microsoft.EntityFrameworkCore.ModelBuilder)
DA:17,0
DA:19,0
DA:20,0
DA:21,0
DA:22,0
DA:24,0
DA:25,0
DA:26,0
DA:27,0
DA:28,0
DA:29,0
DA:30,0
DA:31,0
DA:32,0
DA:33,0
DA:34,0
DA:35,0
DA:36,0
DA:37,0
DA:38,0
DA:39,0
DA:40,0
DA:41,0
DA:42,0
DA:43,0
DA:44,0
DA:45,0
DA:46,0
DA:47,0
DA:48,0
DA:49,0
DA:50,0
DA:51,0
DA:52,0
DA:53,0
DA:54,0
DA:56,0
DA:57,0
DA:58,0
DA:59,0
DA:60,0
DA:61,0
DA:62,0
DA:63,0
DA:64,0
DA:65,0
DA:66,0
DA:67,0
DA:68,0
DA:69,0
DA:70,0
DA:71,0
DA:72,0
DA:73,0
DA:74,0
DA:75,0
DA:76,0
DA:77,0
DA:78,0
DA:79,0
DA:80,0
DA:81,0
DA:82,0
DA:83,0
DA:84,0
DA:85,0
DA:86,0
DA:87,0
DA:88,0
DA:89,0
DA:90,0
DA:91,0
DA:92,0
DA:93,0
DA:94,0
DA:95,0
DA:96,0
DA:97,0
DA:98,0
DA:99,0
DA:100,0
DA:101,0
DA:102,0
DA:103,0
DA:104,0
DA:105,0
DA:106,0
DA:108,0
DA:109,0
DA:110,0
DA:111,0
DA:112,0
DA:113,0
DA:114,0
DA:115,0
DA:116,0
DA:117,0
DA:118,0
DA:119,0
DA:120,0
DA:121,0
DA:122,0
DA:123,0
DA:124,0
DA:125,0
DA:126,0
DA:127,0
DA:128,0
DA:129,0
DA:130,0
DA:131,0
DA:132,0
DA:133,0
DA:134,0
DA:135,0
DA:136,0
DA:137,0
DA:138,0
DA:139,0
DA:140,0
DA:141,0
DA:142,0
DA:143,0
DA:144,0
DA:145,0
DA:146,0
DA:148,0
DA:149,0
DA:150,0
DA:151,0
DA:152,0
DA:153,0
DA:155,0
DA:156,0
DA:157,0
DA:158,0
DA:159,0
DA:160,0
DA:161,0
DA:162,0
DA:164,0
LF:141
LH:0
BRF:0
BRH:0
FNF:1
FNH:0
end_of_record
SF:C:\Users\ctsdotnetfsd04\source\repos\KrishnaIMS\IMS\Migrations\20200616072540_Person.cs
FN:7,System.Void IMS.Migrations.Person::Up(Microsoft.EntityFrameworkCore.Migrations.MigrationBuilder)
FNDA:0,System.Void IMS.Migrations.Person::Up(Microsoft.EntityFrameworkCore.Migrations.MigrationBuilder)
DA:8,0
DA:10,0
FN:12,System.Void IMS.Migrations.Person::Down(Microsoft.EntityFrameworkCore.Migrations.MigrationBuilder)
FNDA:0,System.Void IMS.Migrations.Person::Down(Microsoft.EntityFrameworkCore.Migrations.MigrationBuilder)
DA:13,0
DA:15,0
LF:4
LH:0
BRF:0
BRH:0
FNF:2
FNH:0
end_of_record
SF:C:\Users\ctsdotnetfsd04\source\repos\KrishnaIMS\IMS\Migrations\20200616072540_Person.Designer.cs
FN:16,System.Void IMS.Migrations.Person::BuildTargetModel(Microsoft.EntityFrameworkCore.ModelBuilder)
FNDA:0,System.Void IMS.Migrations.Person::BuildTargetModel(Microsoft.EntityFrameworkCore.ModelBuilder)
DA:17,0
DA:19,0
DA:20,0
DA:21,0
DA:22,0
DA:24,0
DA:25,0
DA:26,0
DA:27,0
DA:28,0
DA:29,0
DA:30,0
DA:31,0
DA:32,0
DA:33,0
DA:34,0
DA:35,0
DA:36,0
DA:37,0
DA:38,0
DA:39,0
DA:40,0
DA:41,0
DA:42,0
DA:43,0
DA:44,0
DA:45,0
DA:46,0
DA:47,0
DA:48,0
DA:49,0
DA:50,0
DA:51,0
DA:52,0
DA:53,0
DA:54,0
DA:56,0
DA:57,0
DA:58,0
DA:59,0
DA:60,0
DA:61,0
DA:62,0
DA:63,0
DA:64,0
DA:65,0
DA:66,0
DA:67,0
DA:68,0
DA:69,0
DA:70,0
DA:71,0
DA:72,0
DA:73,0
DA:74,0
DA:75,0
DA:76,0
DA:77,0
DA:78,0
DA:79,0
DA:80,0
DA:81,0
DA:82,0
DA:83,0
DA:84,0
DA:85,0
DA:86,0
DA:87,0
DA:88,0
DA:89,0
DA:90,0
DA:91,0
DA:92,0
DA:93,0
DA:94,0
DA:95,0
DA:96,0
DA:97,0
DA:98,0
DA:99,0
DA:100,0
DA:101,0
DA:102,0
DA:103,0
DA:104,0
DA:105,0
DA:106,0
DA:108,0
DA:109,0
DA:110,0
DA:111,0
DA:112,0
DA:113,0
DA:114,0
DA:115,0
DA:116,0
DA:117,0
DA:118,0
DA:119,0
DA:120,0
DA:121,0
DA:122,0
DA:123,0
DA:124,0
DA:125,0
DA:126,0
DA:127,0
DA:128,0
DA:129,0
DA:130,0
DA:131,0
DA:132,0
DA:133,0
DA:134,0
DA:135,0
DA:136,0
DA:137,0
DA:138,0
DA:139,0
DA:140,0
DA:141,0
DA:142,0
DA:143,0
DA:144,0
DA:145,0
DA:146,0
DA:148,0
DA:149,0
DA:150,0
DA:151,0
DA:152,0
DA:153,0
DA:155,0
DA:156,0
DA:157,0
DA:158,0
DA:159,0
DA:160,0
DA:161,0
DA:162,0
DA:164,0
LF:141
LH:0
BRF:0
BRH:0
FNF:1
FNH:0
end_of_record
SF:C:\Users\ctsdotnetfsd04\source\repos\KrishnaIMS\IMS\Migrations\20200616082135_Person_2.cs
FN:7,System.Void IMS.Migrations.Person_2::Up(Microsoft.EntityFrameworkCore.Migrations.MigrationBuilder)
FNDA:0,System.Void IMS.Migrations.Person_2::Up(Microsoft.EntityFrameworkCore.Migrations.MigrationBuilder)
DA:8,0
DA:9,0
DA:10,0
DA:11,0
DA:12,0
DA:13,0
DA:14,0
DA:15,0
DA:16,0
DA:17,0
DA:18,0
DA:19,0
DA:20,0
DA:21,0
DA:23,0
DA:24,0
FN:26,System.Void IMS.Migrations.Person_2::Down(Microsoft.EntityFrameworkCore.Migrations.MigrationBuilder)
FNDA:0,System.Void IMS.Migrations.Person_2::Down(Microsoft.EntityFrameworkCore.Migrations.MigrationBuilder)
DA:27,0
DA:28,0
DA:29,0
DA:30,0
LF:20
LH:0
BRF:0
BRH:0
FNF:2
FNH:0
end_of_record
SF:C:\Users\ctsdotnetfsd04\source\repos\KrishnaIMS\IMS\Migrations\20200616082135_Person_2.Designer.cs
FN:16,System.Void IMS.Migrations.Person_2::BuildTargetModel(Microsoft.EntityFrameworkCore.ModelBuilder)
FNDA:0,System.Void IMS.Migrations.Person_2::BuildTargetModel(Microsoft.EntityFrameworkCore.ModelBuilder)
DA:17,0
DA:19,0
DA:20,0
DA:21,0
DA:22,0
DA:24,0
DA:25,0
DA:26,0
DA:27,0
DA:28,0
DA:29,0
DA:30,0
DA:31,0
DA:32,0
DA:33,0
DA:34,0
DA:35,0
DA:36,0
DA:37,0
DA:38,0
DA:39,0
DA:40,0
DA:41,0
DA:42,0
DA:43,0
DA:44,0
DA:45,0
DA:46,0
DA:47,0
DA:48,0
DA:49,0
DA:50,0
DA:51,0
DA:52,0
DA:53,0
DA:54,0
DA:56,0
DA:57,0
DA:58,0
DA:59,0
DA:60,0
DA:61,0
DA:62,0
DA:63,0
DA:64,0
DA:65,0
DA:66,0
DA:67,0
DA:68,0
DA:69,0
DA:70,0
DA:71,0
DA:72,0
DA:73,0
DA:74,0
DA:76,0
DA:77,0
DA:78,0
DA:79,0
DA:80,0
DA:81,0
DA:82,0
DA:83,0
DA:84,0
DA:85,0
DA:86,0
DA:87,0
DA:88,0
DA:89,0
DA:90,0
DA:91,0
DA:92,0
DA:93,0
DA:94,0
DA:95,0
DA:96,0
DA:97,0
DA:98,0
DA:99,0
DA:100,0
DA:101,0
DA:102,0
DA:103,0
DA:104,0
DA:105,0
DA:106,0
DA:107,0
DA:108,0
DA:109,0
DA:110,0
DA:111,0
DA:112,0
DA:113,0
DA:114,0
DA:115,0
DA:116,0
DA:117,0
DA:118,0
DA:119,0
DA:120,0
DA:121,0
DA:122,0
DA:123,0
DA:124,0
DA:125,0
DA:126,0
DA:128,0
DA:129,0
DA:130,0
DA:131,0
DA:132,0
DA:133,0
DA:134,0
DA:135,0
DA:136,0
DA:137,0
DA:138,0
DA:139,0
DA:140,0
DA:141,0
DA:142,0
DA:143,0
DA:144,0
DA:145,0
DA:146,0
DA:147,0
DA:148,0
DA:149,0
DA:150,0
DA:151,0
DA:152,0
DA:153,0
DA:154,0
DA:155,0
DA:156,0
DA:157,0
DA:158,0
DA:159,0
DA:160,0
DA:161,0
DA:162,0
DA:163,0
DA:164,0
DA:165,0
DA:166,0
DA:168,0
DA:169,0
DA:170,0
DA:171,0
DA:172,0
DA:173,0
DA:175,0
DA:176,0
DA:177,0
DA:178,0
DA:179,0
DA:180,0
DA:181,0
DA:182,0
DA:184,0
LF:160
LH:0
BRF:0
BRH:0
FNF:1
FNH:0
end_of_record
SF:C:\Users\ctsdotnetfsd04\source\repos\KrishnaIMS\IMS\Migrations\IMSContextModelSnapshot.cs
FN:14,System.Void IMS.Migrations.IMSContextModelSnapshot::BuildModel(Microsoft.EntityFrameworkCore.ModelBuilder)
FNDA:0,System.Void IMS.Migrations.IMSContextModelSnapshot::BuildModel(Microsoft.EntityFrameworkCore.ModelBuilder)
DA:15,0
DA:17,0
DA:18,0
DA:19,0
DA:20,0
DA:22,0
DA:23,0
DA:24,0
DA:25,0
DA:26,0
DA:27,0
DA:28,0
DA:29,0
DA:30,0
DA:31,0
DA:32,0
DA:33,0
DA:34,0
DA:35,0
DA:36,0
DA:37,0
DA:38,0
DA:39,0
DA:40,0
DA:41,0
DA:42,0
DA:43,0
DA:44,0
DA:45,0
DA:46,0
DA:47,0
DA:48,0
DA:49,0
DA:50,0
DA:51,0
DA:52,0
DA:54,0
DA:55,0
DA:56,0
DA:57,0
DA:58,0
DA:59,0
DA:60,0
DA:61,0
DA:62,0
DA:63,0
DA:64,0
DA:65,0
DA:66,0
DA:67,0
DA:68,0
DA:69,0
DA:70,0
DA:71,0
DA:72,0
DA:74,0
DA:75,0
DA:76,0
DA:77,0
DA:78,0
DA:79,0
DA:80,0
DA:81,0
DA:82,0
DA:83,0
DA:84,0
DA:85,0
DA:86,0
DA:87,0
DA:88,0
DA:89,0
DA:90,0
DA:91,0
DA:92,0
DA:93,0
DA:94,0
DA:95,0
DA:96,0
DA:97,0
DA:98,0
DA:99,0
DA:100,0
DA:101,0
DA:102,0
DA:103,0
DA:104,0
DA:105,0
DA:106,0
DA:107,0
DA:108,0
DA:109,0
DA:110,0
DA:111,0
DA:112,0
DA:113,0
DA:114,0
DA:115,0
DA:116,0
DA:117,0
DA:118,0
DA:119,0
DA:120,0
DA:121,0
DA:122,0
DA:123,0
DA:124,0
DA:126,0
DA:127,0
DA:128,0
DA:129,0
DA:130,0
DA:131,0
DA:132,0
DA:133,0
DA:134,0
DA:135,0
DA:136,0
DA:137,0
DA:138,0
DA:139,0
DA:140,0
DA:141,0
DA:142,0
DA:143,0
DA:144,0
DA:145,0
DA:146,0
DA:147,0
DA:148,0
DA:149,0
DA:150,0
DA:151,0
DA:152,0
DA:153,0
DA:154,0
DA:155,0
DA:156,0
DA:157,0
DA:158,0
DA:159,0
DA:160,0
DA:161,0
DA:162,0
DA:163,0
DA:164,0
DA:166,0
DA:167,0
DA:168,0
DA:169,0
DA:170,0
DA:171,0
DA:173,0
DA:174,0
DA:175,0
DA:176,0
DA:177,0
DA:178,0
DA:179,0
DA:180,0
DA:182,0
LF:160
LH:0
BRF:0
BRH:0
FNF:1
FNH:0
end_of_record
SF:C:\Users\ctsdotnetfsd04\source\repos\KrishnaIMS\IMS\JWTAuth\JWDAuthManager.cs
FN:20,System.String IMS.JWTAuth.JWDAuthManager::Authenticate(System.String,System.String)
FNDA:0,System.String IMS.JWTAuth.JWDAuthManager::Authenticate(System.String,System.String)
DA:21,0
DA:23,0
DA:24,0
DA:25,0
DA:26,0
DA:27,0
DA:28,0
DA:29,0
DA:30,0
DA:31,0
DA:32,0
DA:33,0
DA:35,0
DA:36,0
DA:37,0
FN:13,System.Void IMS.JWTAuth.JWDAuthManager::.ctor(System.String)
FNDA:0,System.Void IMS.JWTAuth.JWDAuthManager::.ctor(System.String)
DA:14,0
DA:15,0
DA:16,0
DA:19,0
LF:19
LH:0
BRF:0
BRH:0
FNF:2
FNH:0
end_of_record
SF:C:\Users\ctsdotnetfsd04\source\repos\KrishnaIMS\IMS\IMSExceptions\DeliveredOrderCanNotDeleted.cs
FN:8,System.String IMS.IMSExceptions.DeliveredOrderCanNotDeletedException::get_Message()
FNDA:0,System.String IMS.IMSExceptions.DeliveredOrderCanNotDeletedException::get_Message()
DA:9,0
LF:1
LH:0
BRF:0
BRH:0
FNF:1
FNH:0
end_of_record
SF:C:\Users\ctsdotnetfsd04\source\repos\KrishnaIMS\IMS\IMSExceptions\InvalidDeliveryDate.cs
FN:8,System.String IMS.IMSExceptions.InvalidDeliveryDateException::get_Message()
FNDA:0,System.String IMS.IMSExceptions.InvalidDeliveryDateException::get_Message()
DA:9,0
LF:1
LH:0
BRF:0
BRH:0
FNF:1
FNH:0
end_of_record
SF:C:\Users\ctsdotnetfsd04\source\repos\KrishnaIMS\IMS\IMSExceptions\NoMediumExists.cs
FN:8,System.String IMS.IMSExceptions.NoMediumExistsException::get_Message()
FNDA:0,System.String IMS.IMSExceptions.NoMediumExistsException::get_Message()
DA:9,0
LF:1
LH:0
BRF:0
BRH:0
FNF:1
FNH:0
end_of_record
SF:C:\Users\ctsdotnetfsd04\source\repos\KrishnaIMS\IMS\IMSExceptions\VenoderIdNotFound.cs
FN:8,System.String IMS.IMSExceptions.VenoderIdNotFoundException::get_Message()
FNDA:0,System.String IMS.IMSExceptions.VenoderIdNotFoundException::get_Message()
DA:9,0
LF:1
LH:0
BRF:0
BRH:0
FNF:1
FNH:0
end_of_record
SF:C:\Users\ctsdotnetfsd04\source\repos\KrishnaIMS\IMS\Controllers\AuthController.cs
FN:28,Microsoft.AspNetCore.Mvc.IActionResult IMS.Controllers.AuthController::GetPerson()
FNDA:0,Microsoft.AspNetCore.Mvc.IActionResult IMS.Controllers.AuthController::GetPerson()
DA:29,0
DA:30,0
DA:31,0
FN:80,Microsoft.AspNetCore.Mvc.IActionResult IMS.Controllers.AuthController::Authenticate(IMSRepository.Models.Person)
FNDA:0,Microsoft.AspNetCore.Mvc.IActionResult IMS.Controllers.AuthController::Authenticate(IMSRepository.Models.Person)
DA:81,0
DA:82,0
DA:83,0
DA:84,0
DA:87,0
DA:89,0
DA:90,0
DA:92,0
DA:93,0
BRDA:82,230,0,0
BRDA:82,230,1,0
BRDA:89,285,0,0
BRDA:89,285,1,0
FN:96,System.Void IMS.Controllers.AuthController::PostPerson(IMSRepository.Models.Person)
FNDA:0,System.Void IMS.Controllers.AuthController::PostPerson(IMSRepository.Models.Person)
DA:97,0
DA:98,0
DA:99,0
DA:101,0
FN:120,System.Boolean IMS.Controllers.AuthController::PersonExists(System.Int32)
FNDA:0,System.Boolean IMS.Controllers.AuthController::PersonExists(System.Int32)
DA:121,0
DA:122,0
DA:123,0
FN:19,System.Void IMS.Controllers.AuthController::.ctor(IMSRepository.Models.IMSContext,IMS.JWTAuth.Interfaces.IJWTAuthManager)
FNDA:0,System.Void IMS.Controllers.AuthController::.ctor(IMSRepository.Models.IMSContext,IMS.JWTAuth.Interfaces.IJWTAuthManager)
DA:20,0
DA:21,0
DA:22,0
DA:23,0
DA:24,0
FN:35,System.Void IMS.Controllers.AuthController/<GetPerson>d__4::MoveNext()
FNDA:0,System.Void IMS.Controllers.AuthController/<GetPerson>d__4::MoveNext()
DA:36,0
DA:37,0
DA:39,0
DA:40,0
DA:41,0
DA:43,0
DA:45,0
DA:46,0
BRDA:37,72,0,0
BRDA:37,72,1,0
BRDA:39,187,0,0
BRDA:39,187,1,0
FN:49,System.Void IMS.Controllers.AuthController/<PutPerson>d__5::MoveNext()
FNDA:0,System.Void IMS.Controllers.AuthController/<PutPerson>d__5::MoveNext()
DA:50,0
DA:51,0
DA:52,0
DA:53,0
DA:56,0
DA:59,0
DA:60,0
DA:61,0
DA:62,0
DA:63,0
DA:64,0
DA:65,0
DA:66,0
DA:69,0
DA:70,0
DA:74,0
DA:75,0
BRDA:51,39,0,0
BRDA:51,39,1,0
BRDA:64,243,0,0
BRDA:64,243,1,0
FN:104,System.Void IMS.Controllers.AuthController/<DeletePerson>d__8::MoveNext()
FNDA:0,System.Void IMS.Controllers.AuthController/<DeletePerson>d__8::MoveNext()
DA:105,0
DA:106,0
DA:107,0
DA:108,0
DA:109,0
DA:111,0
DA:112,0
DA:114,0
DA:115,0
DA:117,0
DA:118,0
BRDA:106,83,0,0
BRDA:106,83,1,0
BRDA:107,198,0,0
BRDA:107,198,1,0
BRDA:111,248,0,0
BRDA:111,248,1,0
LF:60
LH:0
BRF:18
BRH:0
FNF:8
FNH:0
end_of_record
SF:C:\Users\ctsdotnetfsd04\source\repos\KrishnaIMS\IMS\Controllers\PurchaseOrdersController.cs
FN:29,Microsoft.AspNetCore.Mvc.ActionResult IMS.Controllers.PurchaseOrdersController::GetPurchaseOrders()
FNDA:0,Microsoft.AspNetCore.Mvc.ActionResult IMS.Controllers.PurchaseOrdersController::GetPurchaseOrders()
DA:30,0
DA:32,0
DA:33,0
DA:34,0
DA:36,0
DA:37,0
DA:38,0
DA:39,0
DA:42,0
FN:46,Microsoft.AspNetCore.Mvc.ActionResult`1<IMSRepository.Models.PurchaseOrder> IMS.Controllers.PurchaseOrdersController::GetPurchaseOrder(System.Int32)
FNDA:0,Microsoft.AspNetCore.Mvc.ActionResult`1<IMSRepository.Models.PurchaseOrder> IMS.Controllers.PurchaseOrdersController::GetPurchaseOrder(System.Int32)
DA:47,0
DA:50,0
DA:51,0
DA:52,0
DA:54,0
DA:55,0
DA:56,0
DA:59,0
DA:61,0
DA:62,0
DA:63,0
DA:64,0
DA:66,0
BRDA:54,55,0,0
BRDA:54,55,1,0
FN:70,Microsoft.AspNetCore.Mvc.IActionResult IMS.Controllers.PurchaseOrdersController::PutPurchaseOrder(IMSRepository.Models.PurchaseOrder)
FNDA:0,Microsoft.AspNetCore.Mvc.IActionResult IMS.Controllers.PurchaseOrdersController::PutPurchaseOrder(IMSRepository.Models.PurchaseOrder)
DA:71,0
DA:73,0
DA:74,0
DA:76,0
DA:77,0
DA:78,0
DA:81,0
DA:82,0
DA:83,0
DA:84,0
DA:85,0
DA:87,0
DA:88,0
DA:89,0
DA:92,0
DA:93,0
DA:95,0
DA:96,0
DA:97,0
DA:98,0
DA:101,0
DA:102,0
BRDA:76,59,0,0
BRDA:76,59,1,0
BRDA:87,165,0,0
BRDA:87,165,1,0
FN:105,Microsoft.AspNetCore.Mvc.ActionResult`1<IMSRepository.Models.PurchaseOrder> IMS.Controllers.PurchaseOrdersController::PostPurchaseOrder(IMSRepository.Models.PurchaseOrder)
FNDA:0,Microsoft.AspNetCore.Mvc.ActionResult`1<IMSRepository.Models.PurchaseOrder> IMS.Controllers.PurchaseOrdersController::PostPurchaseOrder(IMSRepository.Models.PurchaseOrder)
DA:106,0
DA:107,0
DA:108,0
DA:110,0
DA:111,0
DA:112,0
DA:115,0
DA:117,0
DA:119,0
DA:120,0
DA:121,0
DA:122,0
DA:125,0
BRDA:110,59,0,0
BRDA:110,59,1,0
FN:129,Microsoft.AspNetCore.Mvc.ActionResult`1<IMSRepository.Models.PurchaseOrder> IMS.Controllers.PurchaseOrdersController::DeletePurchaseOrder(System.Int32)
FNDA:0,Microsoft.AspNetCore.Mvc.ActionResult`1<IMSRepository.Models.PurchaseOrder> IMS.Controllers.PurchaseOrdersController::DeletePurchaseOrder(System.Int32)
DA:130,0
DA:132,0
DA:133,0
DA:135,0
DA:136,0
DA:137,0
DA:138,0
DA:141,0
DA:143,0
DA:144,0
DA:145,0
DA:146,0
DA:147,0
DA:149,0
BRDA:136,55,0,0
BRDA:136,55,1,0
FN:20,System.Void IMS.Controllers.PurchaseOrdersController::.ctor(IMS.BusinessLayer.Interfaces.IBLPurchaseOrder,Microsoft.Extensions.Logging.ILogger`1<IMSRepository.Models.PurchaseOrder>)
FNDA:0,System.Void IMS.Controllers.PurchaseOrdersController::.ctor(IMS.BusinessLayer.Interfaces.IBLPurchaseOrder,Microsoft.Extensions.Logging.ILogger`1<IMSRepository.Models.PurchaseOrder>)
DA:21,0
DA:22,0
DA:23,0
DA:24,0
DA:25,0
LF:76
LH:0
BRF:10
BRH:0
FNF:6
FNH:0
end_of_record
SF:C:\Users\ctsdotnetfsd04\source\repos\KrishnaIMS\IMS\Controllers\VendorsController.cs
FN:29,Microsoft.AspNetCore.Mvc.IActionResult IMS.Controllers.VendorsController::GetVendors()
FNDA:0,Microsoft.AspNetCore.Mvc.IActionResult IMS.Controllers.VendorsController::GetVendors()
DA:30,0
DA:32,0
DA:33,0
DA:34,0
DA:36,0
DA:37,0
DA:38,0
DA:39,0
DA:42,0
FN:46,Microsoft.AspNetCore.Mvc.ActionResult`1<IMSRepository.Models.Vendor> IMS.Controllers.VendorsController::GetVendor(System.Int32)
FNDA:1,Microsoft.AspNetCore.Mvc.ActionResult`1<IMSRepository.Models.Vendor> IMS.Controllers.VendorsController::GetVendor(System.Int32)
DA:47,1
DA:49,1
DA:50,1
DA:51,1
DA:53,1
DA:54,1
DA:55,1
DA:57,0
DA:58,0
DA:59,0
DA:60,0
DA:61,0
DA:64,1
BRDA:53,55,0,1
BRDA:53,55,1,0
FN:68,Microsoft.AspNetCore.Mvc.IActionResult IMS.Controllers.VendorsController::PutVendor(IMSRepository.Models.Vendor)
FNDA:0,Microsoft.AspNetCore.Mvc.IActionResult IMS.Controllers.VendorsController::PutVendor(IMSRepository.Models.Vendor)
DA:69,0
DA:72,0
DA:73,0
DA:75,0
DA:76,0
DA:77,0
DA:80,0
DA:81,0
DA:82,0
DA:83,0
DA:84,0
DA:86,0
DA:87,0
DA:88,0
DA:90,0
DA:93,0
DA:94,0
DA:96,0
DA:97,0
DA:98,0
DA:99,0
DA:102,0
DA:103,0
BRDA:75,59,0,0
BRDA:75,59,1,0
BRDA:86,165,0,0
BRDA:86,165,1,0
FN:107,Microsoft.AspNetCore.Mvc.ActionResult`1<IMSRepository.Models.Vendor> IMS.Controllers.VendorsController::PostVendor(IMSRepository.Models.Vendor)
FNDA:1,Microsoft.AspNetCore.Mvc.ActionResult`1<IMSRepository.Models.Vendor> IMS.Controllers.VendorsController::PostVendor(IMSRepository.Models.Vendor)
DA:108,1
DA:110,1
DA:111,1
DA:113,1
DA:114,0
DA:115,0
DA:118,1
DA:120,1
DA:121,0
DA:122,0
DA:123,0
DA:125,0
DA:127,1
BRDA:113,59,0,0
BRDA:113,59,1,1
FN:131,Microsoft.AspNetCore.Mvc.ActionResult`1<IMSRepository.Models.Vendor> IMS.Controllers.VendorsController::DeleteVendor(System.Int32)
FNDA:0,Microsoft.AspNetCore.Mvc.ActionResult`1<IMSRepository.Models.Vendor> IMS.Controllers.VendorsController::DeleteVendor(System.Int32)
DA:132,0
DA:134,0
DA:135,0
DA:136,0
DA:137,0
DA:138,0
DA:139,0
DA:141,0
DA:145,0
DA:147,0
DA:148,0
DA:149,0
DA:150,0
DA:152,0
DA:154,0
BRDA:137,55,0,0
BRDA:137,55,1,0
FN:18,System.Void IMS.Controllers.VendorsController::.ctor(IMS.BusinessLayer.Interfaces.IBLVendor,Microsoft.Extensions.Logging.ILogger`1<IMS.Controllers.VendorsController>)
FNDA:2,System.Void IMS.Controllers.VendorsController::.ctor(IMS.BusinessLayer.Interfaces.IBLVendor,Microsoft.Extensions.Logging.ILogger`1<IMS.Controllers.VendorsController>)
DA:19,2
DA:20,2
DA:21,2
DA:22,2
DA:23,2
LF:78
LH:20
BRF:10
BRH:2
FNF:6
FNH:3
end_of_record
SF:C:\Users\ctsdotnetfsd04\source\repos\KrishnaIMS\IMS\BusinessLayer\BLPurchaseOrder.cs
FN:17,System.Void IMS.BusinessLayer.BLPurchaseOrder::Add(IMSRepository.Models.PurchaseOrder)
FNDA:2,System.Void IMS.BusinessLayer.BLPurchaseOrder::Add(IMSRepository.Models.PurchaseOrder)
DA:18,2
DA:20,2
DA:21,1
DA:23,1
DA:24,1
BRDA:20,10,0,1
BRDA:20,10,1,1
FN:26,System.Void IMS.BusinessLayer.BLPurchaseOrder::Edit(IMSRepository.Models.PurchaseOrder)
FNDA:2,System.Void IMS.BusinessLayer.BLPurchaseOrder::Edit(IMSRepository.Models.PurchaseOrder)
DA:27,2
DA:28,2
DA:29,1
DA:31,1
DA:32,1
BRDA:28,10,0,1
BRDA:28,10,1,1
FN:34,IMSRepository.Models.PurchaseOrder IMS.BusinessLayer.BLPurchaseOrder::FindById(System.Int32)
FNDA:1,IMSRepository.Models.PurchaseOrder IMS.BusinessLayer.BLPurchaseOrder::FindById(System.Int32)
DA:35,1
DA:36,1
DA:37,1
FN:39,System.Collections.IEnumerable IMS.BusinessLayer.BLPurchaseOrder::FindByVendorName(System.String)
FNDA:1,System.Collections.IEnumerable IMS.BusinessLayer.BLPurchaseOrder::FindByVendorName(System.String)
DA:40,1
DA:41,1
DA:42,1
FN:44,System.Collections.IEnumerable IMS.BusinessLayer.BLPurchaseOrder::GetPurchaseOrders()
FNDA:1,System.Collections.IEnumerable IMS.BusinessLayer.BLPurchaseOrder::GetPurchaseOrders()
DA:45,1
DA:46,1
DA:47,1
FN:49,System.Void IMS.BusinessLayer.BLPurchaseOrder::Remove(System.Int32)
FNDA:2,System.Void IMS.BusinessLayer.BLPurchaseOrder::Remove(System.Int32)
DA:50,2
DA:51,2
DA:53,2
DA:54,1
DA:56,1
DA:57,1
BRDA:53,25,0,1
BRDA:53,25,1,1
FN:59,System.Boolean IMS.BusinessLayer.BLPurchaseOrder::InvalidDeliveryDate(IMSRepository.Models.PurchaseOrder)
FNDA:4,System.Boolean IMS.BusinessLayer.BLPurchaseOrder::InvalidDeliveryDate(IMSRepository.Models.PurchaseOrder)
DA:60,4
DA:61,4
DA:62,4
FN:12,System.Void IMS.BusinessLayer.BLPurchaseOrder::.ctor(IMSRepository.Models.Interfaces.IPurchaseOrderRepository)
FNDA:9,System.Void IMS.BusinessLayer.BLPurchaseOrder::.ctor(IMSRepository.Models.Interfaces.IPurchaseOrderRepository)
DA:13,9
DA:14,9
DA:15,9
DA:16,9
LF:32
LH:32
BRF:6
BRH:6
FNF:8
FNH:8
end_of_record
SF:C:\Users\ctsdotnetfsd04\source\repos\KrishnaIMS\IMS\BusinessLayer\BLVendor.cs
FN:19,System.Void IMS.BusinessLayer.BLVendor::Add(IMSRepository.Models.Vendor)
FNDA:4,System.Void IMS.BusinessLayer.BLVendor::Add(IMSRepository.Models.Vendor)
DA:20,4
DA:21,4
DA:22,3
DA:23,3
DA:26,1
DA:27,1
BRDA:21,13,0,3
BRDA:21,13,1,1
FN:29,System.Void IMS.BusinessLayer.BLVendor::Edit(IMSRepository.Models.Vendor)
FNDA:4,System.Void IMS.BusinessLayer.BLVendor::Edit(IMSRepository.Models.Vendor)
DA:30,4
DA:33,4
DA:34,3
DA:35,3
DA:38,1
DA:40,1
BRDA:33,13,0,3
BRDA:33,13,1,1
FN:42,IMSRepository.Models.Vendor IMS.BusinessLayer.BLVendor::FindById(System.Int32)
FNDA:1,IMSRepository.Models.Vendor IMS.BusinessLayer.BLVendor::FindById(System.Int32)
DA:43,1
DA:44,1
DA:45,1
DA:46,1
FN:48,System.Collections.IEnumerable IMS.BusinessLayer.BLVendor::FindByName(System.String)
FNDA:1,System.Collections.IEnumerable IMS.BusinessLayer.BLVendor::FindByName(System.String)
DA:49,1
DA:50,1
DA:52,1
FN:54,System.Collections.Generic.IEnumerable`1<IMSRepository.Models.Vendor> IMS.BusinessLayer.BLVendor::GetVendors()
FNDA:1,System.Collections.Generic.IEnumerable`1<IMSRepository.Models.Vendor> IMS.BusinessLayer.BLVendor::GetVendors()
DA:55,1
DA:56,1
DA:57,1
FN:59,System.Void IMS.BusinessLayer.BLVendor::Remove(System.Int32)
FNDA:1,System.Void IMS.BusinessLayer.BLVendor::Remove(System.Int32)
DA:60,1
DA:61,1
DA:62,1
FN:64,System.Boolean IMS.BusinessLayer.BLVendor::IsCommunicationExists(IMSRepository.Models.Vendor)
FNDA:8,System.Boolean IMS.BusinessLayer.BLVendor::IsCommunicationExists(IMSRepository.Models.Vendor)
DA:65,8
DA:67,8
DA:68,2
DA:69,2
DA:72,6
DA:74,8
BRDA:67,12,0,6
BRDA:67,25,0,6
BRDA:67,12,1,2
BRDA:67,25,1,2
BRDA:67,46,0,2
BRDA:67,46,1,6
FN:14,System.Void IMS.BusinessLayer.BLVendor::.ctor(IMSRepository.Repository.Interfaces.IVendorRepository)
FNDA:12,System.Void IMS.BusinessLayer.BLVendor::.ctor(IMSRepository.Repository.Interfaces.IVendorRepository)
DA:15,12
DA:16,12
DA:17,12
DA:18,12
LF:35
LH:35
BRF:10
BRH:10
FNF:8
FNH:8
end_of_record
SF:C:\Users\ctsdotnetfsd04\source\repos\KrishnaIMS\IMSRepository\Repository\PurchaseOrderRepository.cs
FN:26,System.Void IMSRepository.Repository.PurchaseOrderRepository::Add(IMSRepository.Models.PurchaseOrder)
FNDA:0,System.Void IMSRepository.Repository.PurchaseOrderRepository::Add(IMSRepository.Models.PurchaseOrder)
DA:27,0
DA:28,0
DA:29,0
DA:30,0
FN:32,System.Void IMSRepository.Repository.PurchaseOrderRepository::Edit(IMSRepository.Models.PurchaseOrder)
FNDA:0,System.Void IMSRepository.Repository.PurchaseOrderRepository::Edit(IMSRepository.Models.PurchaseOrder)
DA:33,0
DA:35,0
DA:36,0
DA:37,0
DA:38,0
DA:39,0
DA:40,0
DA:41,0
DA:42,0
DA:43,0
DA:44,0
DA:46,0
DA:48,0
DA:49,0
DA:50,0
DA:52,0
DA:53,0
DA:54,0
DA:55,0
DA:57,0
DA:58,0
DA:59,0
BRDA:38,274,1,0
BRDA:40,238,0,0
BRDA:40,238,1,0
BRDA:38,274,0,0
BRDA:52,400,1,0
BRDA:52,400,0,0
FN:61,IMSRepository.Models.PurchaseOrder IMSRepository.Repository.PurchaseOrderRepository::FindById(System.Int32)
FNDA:0,IMSRepository.Models.PurchaseOrder IMSRepository.Repository.PurchaseOrderRepository::FindById(System.Int32)
DA:62,0
DA:63,0
DA:64,0
DA:65,0
DA:66,0
DA:67,0
DA:69,0
DA:70,0
FN:72,System.Collections.IEnumerable IMSRepository.Repository.PurchaseOrderRepository::FindByVendorName(System.String)
FNDA:0,System.Collections.IEnumerable IMSRepository.Repository.PurchaseOrderRepository::FindByVendorName(System.String)
DA:73,0
DA:74,0
DA:75,0
DA:76,0
DA:77,0
DA:78,0
DA:80,0
DA:81,0
FN:83,System.Collections.IEnumerable IMSRepository.Repository.PurchaseOrderRepository::GetPurchaseOrders()
FNDA:0,System.Collections.IEnumerable IMSRepository.Repository.PurchaseOrderRepository::GetPurchaseOrders()
DA:84,0
DA:87,0
DA:89,0
DA:90,0
DA:91,0
DA:92,0
DA:94,0
DA:95,0
DA:96,0
DA:97,0
DA:99,0
DA:100,0
DA:101,0
DA:102,0
DA:103,0
DA:104,0
DA:105,0
DA:106,0
DA:107,0
DA:108,0
BRDA:90,27,0,0
BRDA:90,27,1,0
FN:110,System.Void IMSRepository.Repository.PurchaseOrderRepository::Remove(System.Int32)
FNDA:0,System.Void IMSRepository.Repository.PurchaseOrderRepository::Remove(System.Int32)
DA:111,0
DA:112,0
DA:113,0
DA:114,0
DA:115,0
DA:117,0
DA:118,0
DA:119,0
DA:120,0
DA:121,0
DA:123,0
DA:125,0
BRDA:117,241,1,0
BRDA:117,241,0,0
FN:20,System.Void IMSRepository.Repository.PurchaseOrderRepository::.ctor(IMSRepository.Models.IMSContext,Microsoft.Extensions.Caching.Distributed.IDistributedCache)
FNDA:0,System.Void IMSRepository.Repository.PurchaseOrderRepository::.ctor(IMSRepository.Models.IMSContext,Microsoft.Extensions.Caching.Distributed.IDistributedCache)
DA:21,0
DA:22,0
DA:23,0
DA:24,0
DA:25,0
LF:79
LH:0
BRF:10
BRH:0
FNF:7
FNH:0
end_of_record
SF:C:\Users\ctsdotnetfsd04\source\repos\KrishnaIMS\IMSRepository\Repository\VendorRepository.cs
FN:23,System.Void IMSRepository.Repository.VendorRepository::Add(IMSRepository.Models.Vendor)
FNDA:0,System.Void IMSRepository.Repository.VendorRepository::Add(IMSRepository.Models.Vendor)
DA:24,0
DA:25,0
DA:26,0
DA:27,0
FN:29,System.Void IMSRepository.Repository.VendorRepository::Edit(IMSRepository.Models.Vendor)
FNDA:0,System.Void IMSRepository.Repository.VendorRepository::Edit(IMSRepository.Models.Vendor)
DA:30,0
DA:32,0
DA:33,0
DA:35,0
FN:37,IMSRepository.Models.Vendor IMSRepository.Repository.VendorRepository::FindById(System.Int32)
FNDA:0,IMSRepository.Models.Vendor IMSRepository.Repository.VendorRepository::FindById(System.Int32)
DA:38,0
DA:39,0
DA:41,0
DA:42,0
FN:44,System.Collections.Generic.IEnumerable`1<IMSRepository.Models.Vendor> IMSRepository.Repository.VendorRepository::FindByName(System.String)
FNDA:0,System.Collections.Generic.IEnumerable`1<IMSRepository.Models.Vendor> IMSRepository.Repository.VendorRepository::FindByName(System.String)
DA:45,0
DA:46,0
DA:48,0
DA:49,0
FN:51,System.Collections.Generic.IEnumerable`1<IMSRepository.Models.Vendor> IMSRepository.Repository.VendorRepository::GetVendors()
FNDA:0,System.Collections.Generic.IEnumerable`1<IMSRepository.Models.Vendor> IMSRepository.Repository.VendorRepository::GetVendors()
DA:52,0
DA:54,0
DA:56,0
DA:57,0
DA:58,0
DA:59,0
DA:61,0
DA:62,0
DA:63,0
DA:64,0
DA:66,0
DA:67,0
DA:68,0
DA:69,0
DA:70,0
DA:71,0
DA:72,0
DA:73,0
DA:74,0
DA:75,0
BRDA:57,27,0,0
BRDA:57,27,1,0
FN:77,System.Void IMSRepository.Repository.VendorRepository::Remove(System.Int32)
FNDA:0,System.Void IMSRepository.Repository.VendorRepository::Remove(System.Int32)
DA:78,0
DA:79,0
DA:80,0
DA:81,0
DA:83,0
FN:17,System.Void IMSRepository.Repository.VendorRepository::.ctor(IMSRepository.Models.IMSContext,Microsoft.Extensions.Caching.Distributed.IDistributedCache)
FNDA:0,System.Void IMSRepository.Repository.VendorRepository::.ctor(IMSRepository.Models.IMSContext,Microsoft.Extensions.Caching.Distributed.IDistributedCache)
DA:18,0
DA:19,0
DA:20,0
DA:21,0
DA:22,0
LF:46
LH:0
BRF:2
BRH:0
FNF:7
FNH:0
end_of_record
SF:C:\Users\ctsdotnetfsd04\source\repos\KrishnaIMS\IMSRepository\Models\IMSContext.cs
FN:9,Microsoft.EntityFrameworkCore.DbSet`1<IMSRepository.Models.Vendor> IMSRepository.Models.IMSContext::get_Vendors()
FNDA:0,Microsoft.EntityFrameworkCore.DbSet`1<IMSRepository.Models.Vendor> IMSRepository.Models.IMSContext::get_Vendors()
DA:10,0
FN:10,Microsoft.EntityFrameworkCore.DbSet`1<IMSRepository.Models.PurchaseOrder> IMSRepository.Models.IMSContext::get_PurchaseOrders()
FNDA:0,Microsoft.EntityFrameworkCore.DbSet`1<IMSRepository.Models.PurchaseOrder> IMSRepository.Models.IMSContext::get_PurchaseOrders()
DA:11,0
FN:11,Microsoft.EntityFrameworkCore.DbSet`1<IMSRepository.Models.Item> IMSRepository.Models.IMSContext::get_Items()
FNDA:0,Microsoft.EntityFrameworkCore.DbSet`1<IMSRepository.Models.Item> IMSRepository.Models.IMSContext::get_Items()
DA:12,0
FN:12,Microsoft.EntityFrameworkCore.DbSet`1<IMSRepository.Models.Person> IMSRepository.Models.IMSContext::get_Person()
FNDA:0,Microsoft.EntityFrameworkCore.DbSet`1<IMSRepository.Models.Person> IMSRepository.Models.IMSContext::get_Person()
DA:13,0
FN:6,System.Void IMSRepository.Models.IMSContext::.ctor(Microsoft.EntityFrameworkCore.DbContextOptions)
FNDA:0,System.Void IMSRepository.Models.IMSContext::.ctor(Microsoft.EntityFrameworkCore.DbContextOptions)
DA:7,0
DA:8,0
LF:6
LH:0
BRF:0
BRH:0
FNF:5
FNH:0
end_of_record
SF:C:\Users\ctsdotnetfsd04\source\repos\KrishnaIMS\IMSRepository\Models\Item.cs
FN:11,System.Int32 IMSRepository.Models.Item::get_Id()
FNDA:0,System.Int32 IMSRepository.Models.Item::get_Id()
DA:12,0
FN:13,System.String IMSRepository.Models.Item::get_Name()
FNDA:0,System.String IMSRepository.Models.Item::get_Name()
DA:14,0
FN:16,System.String IMSRepository.Models.Item::get_Unit()
FNDA:0,System.String IMSRepository.Models.Item::get_Unit()
DA:17,0
FN:19,System.Single IMSRepository.Models.Item::get_Quantity()
FNDA:0,System.Single IMSRepository.Models.Item::get_Quantity()
DA:20,0
FN:23,System.Single IMSRepository.Models.Item::get_Rate()
FNDA:0,System.Single IMSRepository.Models.Item::get_Rate()
DA:24,0
FN:26,IMSRepository.Models.PurchaseOrder IMSRepository.Models.Item::get_PurchaseOrder()
FNDA:0,IMSRepository.Models.PurchaseOrder IMSRepository.Models.Item::get_PurchaseOrder()
DA:27,0
LF:6
LH:0
BRF:0
BRH:0
FNF:6
FNH:0
end_of_record
SF:C:\Users\ctsdotnetfsd04\source\repos\KrishnaIMS\IMSRepository\Models\Person.cs
FN:9,System.Int32 IMSRepository.Models.Person::get_Id()
FNDA:0,System.Int32 IMSRepository.Models.Person::get_Id()
DA:10,0
FN:11,System.String IMSRepository.Models.Person::get_Name()
FNDA:0,System.String IMSRepository.Models.Person::get_Name()
DA:12,0
FN:13,System.String IMSRepository.Models.Person::get_Password()
FNDA:0,System.String IMSRepository.Models.Person::get_Password()
DA:14,0
LF:3
LH:0
BRF:0
BRH:0
FNF:3
FNH:0
end_of_record
SF:C:\Users\ctsdotnetfsd04\source\repos\KrishnaIMS\IMSRepository\Models\PurchaseOrder.cs
FN:13,System.Int32 IMSRepository.Models.PurchaseOrder::get_Id()
FNDA:0,System.Int32 IMSRepository.Models.PurchaseOrder::get_Id()
DA:14,0
FN:16,System.DateTime IMSRepository.Models.PurchaseOrder::get_OrderDate()
FNDA:6,System.DateTime IMSRepository.Models.PurchaseOrder::get_OrderDate()
DA:17,6
FN:19,System.Int32 IMSRepository.Models.PurchaseOrder::get_VendorId()
FNDA:0,System.Int32 IMSRepository.Models.PurchaseOrder::get_VendorId()
DA:20,0
FN:21,IMSRepository.Models.Vendor IMSRepository.Models.PurchaseOrder::get_Vendor()
FNDA:0,IMSRepository.Models.Vendor IMSRepository.Models.PurchaseOrder::get_Vendor()
DA:22,0
FN:25,System.Collections.Generic.ICollection`1<IMSRepository.Models.Item> IMSRepository.Models.PurchaseOrder::get_OrderDetails()
FNDA:0,System.Collections.Generic.ICollection`1<IMSRepository.Models.Item> IMSRepository.Models.PurchaseOrder::get_OrderDetails()
DA:26,0
FN:29,System.String IMSRepository.Models.PurchaseOrder::get_ShipmentAddress()
FNDA:0,System.String IMSRepository.Models.PurchaseOrder::get_ShipmentAddress()
DA:30,0
FN:33,System.String IMSRepository.Models.PurchaseOrder::get_ShipmentMode()
FNDA:0,System.String IMSRepository.Models.PurchaseOrder::get_ShipmentMode()
DA:34,0
FN:35,System.DateTime IMSRepository.Models.PurchaseOrder::get_DeliveryDate()
FNDA:6,System.DateTime IMSRepository.Models.PurchaseOrder::get_DeliveryDate()
DA:36,6
FN:38,System.String IMSRepository.Models.PurchaseOrder::get_CreatedBy()
FNDA:0,System.String IMSRepository.Models.PurchaseOrder::get_CreatedBy()
DA:39,0
FN:40,System.String IMSRepository.Models.PurchaseOrder::get_ApprovedBy()
FNDA:0,System.String IMSRepository.Models.PurchaseOrder::get_ApprovedBy()
DA:41,0
FN:42,IMSRepository.Models.OrderStatus IMSRepository.Models.PurchaseOrder::get_OrderStatus()
FNDA:4,IMSRepository.Models.OrderStatus IMSRepository.Models.PurchaseOrder::get_OrderStatus()
DA:43,4
FN:43,System.DateTime IMSRepository.Models.PurchaseOrder::get_OrderStatusDate()
FNDA:0,System.DateTime IMSRepository.Models.PurchaseOrder::get_OrderStatusDate()
DA:44,0
FN:45,System.String IMSRepository.Models.PurchaseOrder::get_Note()
FNDA:0,System.String IMSRepository.Models.PurchaseOrder::get_Note()
DA:46,0
LF:13
LH:3
BRF:0
BRH:0
FNF:13
FNH:3
end_of_record
SF:C:\Users\ctsdotnetfsd04\source\repos\KrishnaIMS\IMSRepository\Models\Vendor.cs
FN:15,System.Int32 IMSRepository.Models.Vendor::get_Id()
FNDA:0,System.Int32 IMSRepository.Models.Vendor::get_Id()
DA:16,0
FN:19,System.String IMSRepository.Models.Vendor::get_Name()
FNDA:0,System.String IMSRepository.Models.Vendor::get_Name()
DA:20,0
FN:23,System.String IMSRepository.Models.Vendor::get_Address()
FNDA:0,System.String IMSRepository.Models.Vendor::get_Address()
DA:24,0
FN:27,System.String IMSRepository.Models.Vendor::get_Mobile()
FNDA:14,System.String IMSRepository.Models.Vendor::get_Mobile()
DA:28,14
FN:31,System.String IMSRepository.Models.Vendor::get_Email()
FNDA:16,System.String IMSRepository.Models.Vendor::get_Email()
DA:32,16
FN:33,System.String IMSRepository.Models.Vendor::get_Fax()
FNDA:14,System.String IMSRepository.Models.Vendor::get_Fax()
DA:34,14
FN:35,System.Boolean IMSRepository.Models.Vendor::get_Prefered()
FNDA:0,System.Boolean IMSRepository.Models.Vendor::get_Prefered()
DA:36,0
FN:37,System.Boolean IMSRepository.Models.Vendor::get_BlackListed()
FNDA:0,System.Boolean IMSRepository.Models.Vendor::get_BlackListed()
DA:38,0
FN:7,System.Void IMSRepository.Models.Vendor::.ctor()
FNDA:9,System.Void IMSRepository.Models.Vendor::.ctor()
DA:8,9
DA:9,9
DA:10,9
DA:11,9
DA:12,9
LF:13
LH:8
BRF:0
BRH:0
FNF:9
FNH:4
end_of_record